17:41:48.117 [main] DEBUG io.netty.util.internal.InternalThreadLocalMap - -Dio.netty.threadLocalMap.stringBuilder.initialSize: 1024
17:41:48.123 [main] DEBUG io.netty.util.internal.InternalThreadLocalMap - -Dio.netty.threadLocalMap.stringBuilder.maxSize: 4096
17:41:48.181 [main] DEBUG io.netty.handler.ssl.JdkSslContext - Default protocols (JDK): [TLSv1.3, TLSv1.2] 
17:41:48.181 [main] DEBUG io.netty.handler.ssl.JdkSslContext - Default cipher suites (JDK): [TLS_ECDHE_ECDSA_WITH_AES_256_GCM_SHA384, TLS_ECDHE_ECDSA_WITH_AES_128_GCM_SHA256, TLS_ECDHE_RSA_WITH_AES_128_GCM_SHA256, TLS_ECDHE_RSA_WITH_AES_256_GCM_SHA384, TLS_ECDHE_RSA_WITH_AES_128_CBC_SHA, TLS_ECDHE_RSA_WITH_AES_256_CBC_SHA, TLS_RSA_WITH_AES_128_GCM_SHA256, TLS_RSA_WITH_AES_128_CBC_SHA, TLS_RSA_WITH_AES_256_CBC_SHA, TLS_AES_128_GCM_SHA256, TLS_AES_256_GCM_SHA384]
17:41:48.209 [main] DEBUG io.netty.channel.MultithreadEventLoopGroup - -Dio.netty.eventLoopThreads: 16
17:41:48.218 [main] DEBUG io.netty.channel.nio.NioEventLoop - -Dio.netty.noKeySetOptimization: false
17:41:48.218 [main] DEBUG io.netty.channel.nio.NioEventLoop - -Dio.netty.selectorAutoRebuildThreshold: 512
17:41:48.228 [main] TRACE io.netty.channel.nio.NioEventLoop - instrumented a special java.util.Set into: sun.nio.ch.WEPollSelectorImpl@4cdd2c73
17:41:48.229 [main] TRACE io.netty.channel.nio.NioEventLoop - instrumented a special java.util.Set into: sun.nio.ch.WEPollSelectorImpl@57c88764
17:41:48.231 [main] TRACE io.netty.channel.nio.NioEventLoop - instrumented a special java.util.Set into: sun.nio.ch.WEPollSelectorImpl@78faea5f
17:41:48.232 [main] TRACE io.netty.channel.nio.NioEventLoop - instrumented a special java.util.Set into: sun.nio.ch.WEPollSelectorImpl@37fdfb05
17:41:48.233 [main] TRACE io.netty.channel.nio.NioEventLoop - instrumented a special java.util.Set into: sun.nio.ch.WEPollSelectorImpl@5e39850
17:41:48.235 [main] TRACE io.netty.channel.nio.NioEventLoop - instrumented a special java.util.Set into: sun.nio.ch.WEPollSelectorImpl@1603dc2f
17:41:48.236 [main] TRACE io.netty.channel.nio.NioEventLoop - instrumented a special java.util.Set into: sun.nio.ch.WEPollSelectorImpl@398474a2
17:41:48.237 [main] TRACE io.netty.channel.nio.NioEventLoop - instrumented a special java.util.Set into: sun.nio.ch.WEPollSelectorImpl@61799544
17:41:48.238 [main] TRACE io.netty.channel.nio.NioEventLoop - instrumented a special java.util.Set into: sun.nio.ch.WEPollSelectorImpl@78c1a023
17:41:48.240 [main] TRACE io.netty.channel.nio.NioEventLoop - instrumented a special java.util.Set into: sun.nio.ch.WEPollSelectorImpl@70abf9b0
17:41:48.241 [main] TRACE io.netty.channel.nio.NioEventLoop - instrumented a special java.util.Set into: sun.nio.ch.WEPollSelectorImpl@6a10b263
17:41:48.242 [main] TRACE io.netty.channel.nio.NioEventLoop - instrumented a special java.util.Set into: sun.nio.ch.WEPollSelectorImpl@476ec9d0
17:41:48.242 [main] TRACE io.netty.channel.nio.NioEventLoop - instrumented a special java.util.Set into: sun.nio.ch.WEPollSelectorImpl@325bb9a6
17:41:48.244 [main] TRACE io.netty.channel.nio.NioEventLoop - instrumented a special java.util.Set into: sun.nio.ch.WEPollSelectorImpl@1d12b024
17:41:48.245 [main] TRACE io.netty.channel.nio.NioEventLoop - instrumented a special java.util.Set into: sun.nio.ch.WEPollSelectorImpl@72fe8a4f
17:41:48.246 [main] TRACE io.netty.channel.nio.NioEventLoop - instrumented a special java.util.Set into: sun.nio.ch.WEPollSelectorImpl@43effd89
17:41:48.265 [main] DEBUG io.netty.buffer.PooledByteBufAllocator - -Dio.netty.allocator.numHeapArenas: 16
17:41:48.265 [main] DEBUG io.netty.buffer.PooledByteBufAllocator - -Dio.netty.allocator.numDirectArenas: 16
17:41:48.265 [main] DEBUG io.netty.buffer.PooledByteBufAllocator - -Dio.netty.allocator.pageSize: 8192
17:41:48.265 [main] DEBUG io.netty.buffer.PooledByteBufAllocator - -Dio.netty.allocator.maxOrder: 9
17:41:48.265 [main] DEBUG io.netty.buffer.PooledByteBufAllocator - -Dio.netty.allocator.chunkSize: 4194304
17:41:48.265 [main] DEBUG io.netty.buffer.PooledByteBufAllocator - -Dio.netty.allocator.smallCacheSize: 256
17:41:48.266 [main] DEBUG io.netty.buffer.PooledByteBufAllocator - -Dio.netty.allocator.normalCacheSize: 64
17:41:48.266 [main] DEBUG io.netty.buffer.PooledByteBufAllocator - -Dio.netty.allocator.maxCachedBufferCapacity: 32768
17:41:48.266 [main] DEBUG io.netty.buffer.PooledByteBufAllocator - -Dio.netty.allocator.cacheTrimInterval: 8192
17:41:48.266 [main] DEBUG io.netty.buffer.PooledByteBufAllocator - -Dio.netty.allocator.cacheTrimIntervalMillis: 0
17:41:48.266 [main] DEBUG io.netty.buffer.PooledByteBufAllocator - -Dio.netty.allocator.useCacheForAllThreads: false
17:41:48.266 [main] DEBUG io.netty.buffer.PooledByteBufAllocator - -Dio.netty.allocator.maxCachedByteBuffersPerChunk: 1023
17:41:48.274 [main] DEBUG io.netty.buffer.ByteBufUtil - -Dio.netty.allocator.type: pooled
17:41:48.275 [main] DEBUG io.netty.buffer.ByteBufUtil - -Dio.netty.threadLocalDirectBufferSize: 0
17:41:48.275 [main] DEBUG io.netty.buffer.ByteBufUtil - -Dio.netty.maxThreadLocalCharBufferSize: 16384
17:41:48.535 [Forwarding newSession on session null to remote] DEBUG io.netty.channel.DefaultChannelId - -Dio.netty.processId: 6392 (auto-detected)
17:41:48.537 [Forwarding newSession on session null to remote] DEBUG io.netty.util.NetUtil - -Djava.net.preferIPv4Stack: false
17:41:48.537 [Forwarding newSession on session null to remote] DEBUG io.netty.util.NetUtil - -Djava.net.preferIPv6Addresses: false
17:41:48.542 [Forwarding newSession on session null to remote] DEBUG io.netty.util.NetUtilInitializations - Loopback interface: lo (Software Loopback Interface 1, 127.0.0.1)
17:41:48.543 [Forwarding newSession on session null to remote] DEBUG io.netty.util.NetUtil - Failed to get SOMAXCONN from sysctl and file \proc\sys\net\core\somaxconn. Default: 200
17:41:48.555 [Forwarding newSession on session null to remote] DEBUG io.netty.channel.DefaultChannelId - -Dio.netty.machineId: 40:1c:83:ff:fe:83:05:ae (auto-detected)
17:41:48.603 [AsyncHttpClient-1-2] DEBUG io.netty.buffer.AbstractByteBuf - -Dio.netty.buffer.checkAccessible: true
17:41:48.603 [AsyncHttpClient-1-2] DEBUG io.netty.buffer.AbstractByteBuf - -Dio.netty.buffer.checkBounds: true
17:41:48.603 [AsyncHttpClient-1-2] DEBUG io.netty.util.ResourceLeakDetectorFactory - Loaded default ResourceLeakDetector: io.netty.util.ResourceLeakDetector@1f79ab4e
17:41:48.621 [AsyncHttpClient-1-2] DEBUG io.netty.util.Recycler - -Dio.netty.recycler.maxCapacityPerThread: 4096
17:41:48.621 [AsyncHttpClient-1-2] DEBUG io.netty.util.Recycler - -Dio.netty.recycler.ratio: 8
17:41:48.621 [AsyncHttpClient-1-2] DEBUG io.netty.util.Recycler - -Dio.netty.recycler.chunkSize: 32
17:41:48.621 [AsyncHttpClient-1-2] DEBUG io.netty.util.Recycler - -Dio.netty.recycler.blocking: false
17:41:49.297 [AsyncHttpClient-1-2] DEBUG io.netty.handler.codec.compression.Brotli - brotli4j not in the classpath; Brotli support will be unavailable.
17:41:49.391 [main] DEBUG io.netty.util.internal.ThreadLocalRandom - -Dio.netty.initialSeedUniquifier: 0x619719c403a45e73
17:43:49.794 [main] DEBUG io.netty.util.internal.logging.InternalLoggerFactory - Using Log4J2 as the default logging framework
17:43:49.801 [main] DEBUG io.netty.util.ResourceLeakDetector - -Dio.netty.leakDetection.level: simple
17:43:49.801 [main] DEBUG io.netty.util.ResourceLeakDetector - -Dio.netty.leakDetection.targetRecords: 4
17:43:49.805 [main] DEBUG io.netty.util.ResourceLeakDetectorFactory - Loaded default ResourceLeakDetector: io.netty.util.ResourceLeakDetector@16943e88
17:43:49.818 [main] DEBUG io.netty.util.internal.PlatformDependent0 - -Dio.netty.noUnsafe: false
17:43:49.818 [main] DEBUG io.netty.util.internal.PlatformDependent0 - Java version: 17
17:43:49.819 [main] DEBUG io.netty.util.internal.PlatformDependent0 - sun.misc.Unsafe.theUnsafe: available
17:43:49.820 [main] DEBUG io.netty.util.internal.PlatformDependent0 - sun.misc.Unsafe.copyMemory: available
17:43:49.820 [main] DEBUG io.netty.util.internal.PlatformDependent0 - sun.misc.Unsafe.storeFence: available
17:43:49.820 [main] DEBUG io.netty.util.internal.PlatformDependent0 - java.nio.Buffer.address: available
17:43:49.821 [main] DEBUG io.netty.util.internal.PlatformDependent0 - direct buffer constructor: unavailable
java.lang.UnsupportedOperationException: Reflective setAccessible(true) disabled
	at io.netty.util.internal.ReflectionUtil.trySetAccessible(ReflectionUtil.java:31) ~[netty-common-4.1.78.Final.jar:4.1.78.Final]
	at io.netty.util.internal.PlatformDependent0$5.run(PlatformDependent0.java:287) ~[netty-common-4.1.78.Final.jar:4.1.78.Final]
	at java.security.AccessController.doPrivileged(AccessController.java:318) ~[?:?]
	at io.netty.util.internal.PlatformDependent0.<clinit>(PlatformDependent0.java:281) [netty-common-4.1.78.Final.jar:4.1.78.Final]
	at io.netty.util.internal.PlatformDependent.isAndroid(PlatformDependent.java:294) [netty-common-4.1.78.Final.jar:4.1.78.Final]
	at io.netty.util.internal.PlatformDependent.<clinit>(PlatformDependent.java:88) [netty-common-4.1.78.Final.jar:4.1.78.Final]
	at io.netty.util.HashedWheelTimer.<init>(HashedWheelTimer.java:114) [netty-common-4.1.78.Final.jar:4.1.78.Final]
	at io.netty.util.HashedWheelTimer.<init>(HashedWheelTimer.java:251) [netty-common-4.1.78.Final.jar:4.1.78.Final]
	at io.netty.util.HashedWheelTimer.<init>(HashedWheelTimer.java:224) [netty-common-4.1.78.Final.jar:4.1.78.Final]
	at io.netty.util.HashedWheelTimer.<init>(HashedWheelTimer.java:203) [netty-common-4.1.78.Final.jar:4.1.78.Final]
	at org.asynchttpclient.DefaultAsyncHttpClient.newNettyTimer(DefaultAsyncHttpClient.java:111) [async-http-client-2.12.3.jar:?]
	at org.asynchttpclient.DefaultAsyncHttpClient.<init>(DefaultAsyncHttpClient.java:90) [async-http-client-2.12.3.jar:?]
	at org.asynchttpclient.Dsl.asyncHttpClient(Dsl.java:32) [async-http-client-2.12.3.jar:?]
	at org.openqa.selenium.remote.http.netty.NettyClient.createHttpClient(NettyClient.java:93) [selenium-remote-driver-4.3.0.jar:?]
	at org.openqa.selenium.remote.http.netty.NettyClient.<clinit>(NettyClient.java:47) [selenium-remote-driver-4.3.0.jar:?]
	at org.openqa.selenium.remote.http.netty.NettyClient$Factory.createClient(NettyClient.java:134) [selenium-remote-driver-4.3.0.jar:?]
	at org.openqa.selenium.remote.HttpCommandExecutor.<init>(HttpCommandExecutor.java:107) [selenium-remote-driver-4.3.0.jar:?]
	at org.openqa.selenium.remote.HttpCommandExecutor.<init>(HttpCommandExecutor.java:94) [selenium-remote-driver-4.3.0.jar:?]
	at org.openqa.selenium.remote.HttpCommandExecutor.<init>(HttpCommandExecutor.java:85) [selenium-remote-driver-4.3.0.jar:?]
	at org.openqa.selenium.remote.service.DriverCommandExecutor.<init>(DriverCommandExecutor.java:80) [selenium-remote-driver-4.3.0.jar:?]
	at org.openqa.selenium.chromium.ChromiumDriverCommandExecutor.<init>(ChromiumDriverCommandExecutor.java:35) [selenium-chromium-driver-4.3.0.jar:?]
	at org.openqa.selenium.chrome.ChromeDriver$ChromeDriverCommandExecutor.<init>(ChromeDriver.java:93) [selenium-chrome-driver-4.3.0.jar:?]
	at org.openqa.selenium.chrome.ChromeDriver.<init>(ChromeDriver.java:81) [selenium-chrome-driver-4.3.0.jar:?]
	at org.openqa.selenium.chrome.ChromeDriver.<init>(ChromeDriver.java:49) [selenium-chrome-driver-4.3.0.jar:?]
	at allseleniumprograms.Xpath.main(Xpath.java:13) [test-classes/:?]
17:43:49.825 [main] DEBUG io.netty.util.internal.PlatformDependent0 - java.nio.Bits.unaligned: available, true
17:43:49.826 [main] DEBUG io.netty.util.internal.PlatformDependent0 - jdk.internal.misc.Unsafe.allocateUninitializedArray(int): unavailable
java.lang.IllegalAccessException: class io.netty.util.internal.PlatformDependent0$7 cannot access class jdk.internal.misc.Unsafe (in module java.base) because module java.base does not export jdk.internal.misc to unnamed module @46b61c56
	at jdk.internal.reflect.Reflection.newIllegalAccessException(Reflection.java:392) ~[?:?]
	at java.lang.reflect.AccessibleObject.checkAccess(AccessibleObject.java:674) ~[?:?]
	at java.lang.reflect.Method.invoke(Method.java:560) ~[?:?]
	at io.netty.util.internal.PlatformDependent0$7.run(PlatformDependent0.java:409) ~[netty-common-4.1.78.Final.jar:4.1.78.Final]
	at java.security.AccessController.doPrivileged(AccessController.java:318) ~[?:?]
	at io.netty.util.internal.PlatformDependent0.<clinit>(PlatformDependent0.java:400) [netty-common-4.1.78.Final.jar:4.1.78.Final]
	at io.netty.util.internal.PlatformDependent.isAndroid(PlatformDependent.java:294) [netty-common-4.1.78.Final.jar:4.1.78.Final]
	at io.netty.util.internal.PlatformDependent.<clinit>(PlatformDependent.java:88) [netty-common-4.1.78.Final.jar:4.1.78.Final]
	at io.netty.util.HashedWheelTimer.<init>(HashedWheelTimer.java:114) [netty-common-4.1.78.Final.jar:4.1.78.Final]
	at io.netty.util.HashedWheelTimer.<init>(HashedWheelTimer.java:251) [netty-common-4.1.78.Final.jar:4.1.78.Final]
	at io.netty.util.HashedWheelTimer.<init>(HashedWheelTimer.java:224) [netty-common-4.1.78.Final.jar:4.1.78.Final]
	at io.netty.util.HashedWheelTimer.<init>(HashedWheelTimer.java:203) [netty-common-4.1.78.Final.jar:4.1.78.Final]
	at org.asynchttpclient.DefaultAsyncHttpClient.newNettyTimer(DefaultAsyncHttpClient.java:111) [async-http-client-2.12.3.jar:?]
	at org.asynchttpclient.DefaultAsyncHttpClient.<init>(DefaultAsyncHttpClient.java:90) [async-http-client-2.12.3.jar:?]
	at org.asynchttpclient.Dsl.asyncHttpClient(Dsl.java:32) [async-http-client-2.12.3.jar:?]
	at org.openqa.selenium.remote.http.netty.NettyClient.createHttpClient(NettyClient.java:93) [selenium-remote-driver-4.3.0.jar:?]
	at org.openqa.selenium.remote.http.netty.NettyClient.<clinit>(NettyClient.java:47) [selenium-remote-driver-4.3.0.jar:?]
	at org.openqa.selenium.remote.http.netty.NettyClient$Factory.createClient(NettyClient.java:134) [selenium-remote-driver-4.3.0.jar:?]
	at org.openqa.selenium.remote.HttpCommandExecutor.<init>(HttpCommandExecutor.java:107) [selenium-remote-driver-4.3.0.jar:?]
	at org.openqa.selenium.remote.HttpCommandExecutor.<init>(HttpCommandExecutor.java:94) [selenium-remote-driver-4.3.0.jar:?]
	at org.openqa.selenium.remote.HttpCommandExecutor.<init>(HttpCommandExecutor.java:85) [selenium-remote-driver-4.3.0.jar:?]
	at org.openqa.selenium.remote.service.DriverCommandExecutor.<init>(DriverCommandExecutor.java:80) [selenium-remote-driver-4.3.0.jar:?]
	at org.openqa.selenium.chromium.ChromiumDriverCommandExecutor.<init>(ChromiumDriverCommandExecutor.java:35) [selenium-chromium-driver-4.3.0.jar:?]
	at org.openqa.selenium.chrome.ChromeDriver$ChromeDriverCommandExecutor.<init>(ChromeDriver.java:93) [selenium-chrome-driver-4.3.0.jar:?]
	at org.openqa.selenium.chrome.ChromeDriver.<init>(ChromeDriver.java:81) [selenium-chrome-driver-4.3.0.jar:?]
	at org.openqa.selenium.chrome.ChromeDriver.<init>(ChromeDriver.java:49) [selenium-chrome-driver-4.3.0.jar:?]
	at allseleniumprograms.Xpath.main(Xpath.java:13) [test-classes/:?]
17:43:49.827 [main] DEBUG io.netty.util.internal.PlatformDependent0 - java.nio.DirectByteBuffer.<init>(long, int): unavailable
17:43:49.828 [main] DEBUG io.netty.util.internal.PlatformDependent - sun.misc.Unsafe: available
17:43:49.828 [main] DEBUG io.netty.util.internal.PlatformDependent - maxDirectMemory: 4234149888 bytes (maybe)
17:43:49.828 [main] DEBUG io.netty.util.internal.PlatformDependent - -Dio.netty.tmpdir: C:\Users\HP\AppData\Local\Temp (java.io.tmpdir)
17:43:49.828 [main] DEBUG io.netty.util.internal.PlatformDependent - -Dio.netty.bitMode: 64 (sun.arch.data.model)
17:43:49.829 [main] DEBUG io.netty.util.internal.PlatformDependent - Platform: Windows
17:43:49.829 [main] DEBUG io.netty.util.internal.PlatformDependent - -Dio.netty.maxDirectMemory: -1 bytes
17:43:49.830 [main] DEBUG io.netty.util.internal.PlatformDependent - -Dio.netty.uninitializedArrayAllocationThreshold: -1
17:43:49.830 [main] DEBUG io.netty.util.internal.CleanerJava9 - java.nio.ByteBuffer.cleaner(): available
17:43:49.830 [main] DEBUG io.netty.util.internal.PlatformDependent - -Dio.netty.noPreferDirect: false
17:43:49.836 [main] DEBUG io.netty.util.internal.PlatformDependent - org.jctools-core.MpscChunkedArrayQueue: available
17:43:49.849 [main] DEBUG io.netty.util.internal.InternalThreadLocalMap - -Dio.netty.threadLocalMap.stringBuilder.initialSize: 1024
17:43:49.849 [main] DEBUG io.netty.util.internal.InternalThreadLocalMap - -Dio.netty.threadLocalMap.stringBuilder.maxSize: 4096
17:43:49.887 [main] DEBUG io.netty.handler.ssl.JdkSslContext - Default protocols (JDK): [TLSv1.3, TLSv1.2] 
17:43:49.887 [main] DEBUG io.netty.handler.ssl.JdkSslContext - Default cipher suites (JDK): [TLS_ECDHE_ECDSA_WITH_AES_256_GCM_SHA384, TLS_ECDHE_ECDSA_WITH_AES_128_GCM_SHA256, TLS_ECDHE_RSA_WITH_AES_128_GCM_SHA256, TLS_ECDHE_RSA_WITH_AES_256_GCM_SHA384, TLS_ECDHE_RSA_WITH_AES_128_CBC_SHA, TLS_ECDHE_RSA_WITH_AES_256_CBC_SHA, TLS_RSA_WITH_AES_128_GCM_SHA256, TLS_RSA_WITH_AES_128_CBC_SHA, TLS_RSA_WITH_AES_256_CBC_SHA, TLS_AES_128_GCM_SHA256, TLS_AES_256_GCM_SHA384]
17:43:49.908 [main] DEBUG io.netty.channel.MultithreadEventLoopGroup - -Dio.netty.eventLoopThreads: 16
17:43:49.916 [main] DEBUG io.netty.channel.nio.NioEventLoop - -Dio.netty.noKeySetOptimization: false
17:43:49.916 [main] DEBUG io.netty.channel.nio.NioEventLoop - -Dio.netty.selectorAutoRebuildThreshold: 512
17:43:49.923 [main] TRACE io.netty.channel.nio.NioEventLoop - instrumented a special java.util.Set into: sun.nio.ch.WEPollSelectorImpl@682bd3c4
17:43:49.925 [main] TRACE io.netty.channel.nio.NioEventLoop - instrumented a special java.util.Set into: sun.nio.ch.WEPollSelectorImpl@153f66e7
17:43:49.925 [main] TRACE io.netty.channel.nio.NioEventLoop - instrumented a special java.util.Set into: sun.nio.ch.WEPollSelectorImpl@7aad3f7d
17:43:49.926 [main] TRACE io.netty.channel.nio.NioEventLoop - instrumented a special java.util.Set into: sun.nio.ch.WEPollSelectorImpl@6f667ad1
17:43:49.927 [main] TRACE io.netty.channel.nio.NioEventLoop - instrumented a special java.util.Set into: sun.nio.ch.WEPollSelectorImpl@566d0c69
17:43:49.929 [main] TRACE io.netty.channel.nio.NioEventLoop - instrumented a special java.util.Set into: sun.nio.ch.WEPollSelectorImpl@388b401d
17:43:49.929 [main] TRACE io.netty.channel.nio.NioEventLoop - instrumented a special java.util.Set into: sun.nio.ch.WEPollSelectorImpl@2bcec6a6
17:43:49.930 [main] TRACE io.netty.channel.nio.NioEventLoop - instrumented a special java.util.Set into: sun.nio.ch.WEPollSelectorImpl@77a281fc
17:43:49.931 [main] TRACE io.netty.channel.nio.NioEventLoop - instrumented a special java.util.Set into: sun.nio.ch.WEPollSelectorImpl@4912d525
17:43:49.932 [main] TRACE io.netty.channel.nio.NioEventLoop - instrumented a special java.util.Set into: sun.nio.ch.WEPollSelectorImpl@2bfbffb2
17:43:49.932 [main] TRACE io.netty.channel.nio.NioEventLoop - instrumented a special java.util.Set into: sun.nio.ch.WEPollSelectorImpl@765df79d
17:43:49.933 [main] TRACE io.netty.channel.nio.NioEventLoop - instrumented a special java.util.Set into: sun.nio.ch.WEPollSelectorImpl@151335cb
17:43:49.934 [main] TRACE io.netty.channel.nio.NioEventLoop - instrumented a special java.util.Set into: sun.nio.ch.WEPollSelectorImpl@4a7761b1
17:43:49.934 [main] TRACE io.netty.channel.nio.NioEventLoop - instrumented a special java.util.Set into: sun.nio.ch.WEPollSelectorImpl@3e850122
17:43:49.935 [main] TRACE io.netty.channel.nio.NioEventLoop - instrumented a special java.util.Set into: sun.nio.ch.WEPollSelectorImpl@27fde870
17:43:49.936 [main] TRACE io.netty.channel.nio.NioEventLoop - instrumented a special java.util.Set into: sun.nio.ch.WEPollSelectorImpl@2b4c3c29
17:43:49.949 [main] DEBUG io.netty.buffer.PooledByteBufAllocator - -Dio.netty.allocator.numHeapArenas: 16
17:43:49.949 [main] DEBUG io.netty.buffer.PooledByteBufAllocator - -Dio.netty.allocator.numDirectArenas: 16
17:43:49.949 [main] DEBUG io.netty.buffer.PooledByteBufAllocator - -Dio.netty.allocator.pageSize: 8192
17:43:49.949 [main] DEBUG io.netty.buffer.PooledByteBufAllocator - -Dio.netty.allocator.maxOrder: 9
17:43:49.949 [main] DEBUG io.netty.buffer.PooledByteBufAllocator - -Dio.netty.allocator.chunkSize: 4194304
17:43:49.949 [main] DEBUG io.netty.buffer.PooledByteBufAllocator - -Dio.netty.allocator.smallCacheSize: 256
17:43:49.949 [main] DEBUG io.netty.buffer.PooledByteBufAllocator - -Dio.netty.allocator.normalCacheSize: 64
17:43:49.949 [main] DEBUG io.netty.buffer.PooledByteBufAllocator - -Dio.netty.allocator.maxCachedBufferCapacity: 32768
17:43:49.949 [main] DEBUG io.netty.buffer.PooledByteBufAllocator - -Dio.netty.allocator.cacheTrimInterval: 8192
17:43:49.949 [main] DEBUG io.netty.buffer.PooledByteBufAllocator - -Dio.netty.allocator.cacheTrimIntervalMillis: 0
17:43:49.949 [main] DEBUG io.netty.buffer.PooledByteBufAllocator - -Dio.netty.allocator.useCacheForAllThreads: false
17:43:49.949 [main] DEBUG io.netty.buffer.PooledByteBufAllocator - -Dio.netty.allocator.maxCachedByteBuffersPerChunk: 1023
17:43:49.955 [main] DEBUG io.netty.buffer.ByteBufUtil - -Dio.netty.allocator.type: pooled
17:43:49.955 [main] DEBUG io.netty.buffer.ByteBufUtil - -Dio.netty.threadLocalDirectBufferSize: 0
17:43:49.956 [main] DEBUG io.netty.buffer.ByteBufUtil - -Dio.netty.maxThreadLocalCharBufferSize: 16384
17:43:50.160 [Forwarding newSession on session null to remote] DEBUG io.netty.channel.DefaultChannelId - -Dio.netty.processId: 8640 (auto-detected)
17:43:50.163 [Forwarding newSession on session null to remote] DEBUG io.netty.util.NetUtil - -Djava.net.preferIPv4Stack: false
17:43:50.163 [Forwarding newSession on session null to remote] DEBUG io.netty.util.NetUtil - -Djava.net.preferIPv6Addresses: false
17:43:50.167 [Forwarding newSession on session null to remote] DEBUG io.netty.util.NetUtilInitializations - Loopback interface: lo (Software Loopback Interface 1, 127.0.0.1)
17:43:50.168 [Forwarding newSession on session null to remote] DEBUG io.netty.util.NetUtil - Failed to get SOMAXCONN from sysctl and file \proc\sys\net\core\somaxconn. Default: 200
17:43:50.175 [Forwarding newSession on session null to remote] DEBUG io.netty.channel.DefaultChannelId - -Dio.netty.machineId: 40:1c:83:ff:fe:83:05:ae (auto-detected)
17:43:50.204 [AsyncHttpClient-1-2] DEBUG io.netty.buffer.AbstractByteBuf - -Dio.netty.buffer.checkAccessible: true
17:43:50.205 [AsyncHttpClient-1-2] DEBUG io.netty.buffer.AbstractByteBuf - -Dio.netty.buffer.checkBounds: true
17:43:50.205 [AsyncHttpClient-1-2] DEBUG io.netty.util.ResourceLeakDetectorFactory - Loaded default ResourceLeakDetector: io.netty.util.ResourceLeakDetector@36315f7f
17:43:50.217 [AsyncHttpClient-1-2] DEBUG io.netty.util.Recycler - -Dio.netty.recycler.maxCapacityPerThread: 4096
17:43:50.217 [AsyncHttpClient-1-2] DEBUG io.netty.util.Recycler - -Dio.netty.recycler.ratio: 8
17:43:50.217 [AsyncHttpClient-1-2] DEBUG io.netty.util.Recycler - -Dio.netty.recycler.chunkSize: 32
17:43:50.217 [AsyncHttpClient-1-2] DEBUG io.netty.util.Recycler - -Dio.netty.recycler.blocking: false
17:43:50.779 [AsyncHttpClient-1-2] DEBUG io.netty.handler.codec.compression.Brotli - brotli4j not in the classpath; Brotli support will be unavailable.
17:43:50.857 [main] DEBUG io.netty.util.internal.ThreadLocalRandom - -Dio.netty.initialSeedUniquifier: 0x60c2284d5890f6a8
17:45:13.708 [main] DEBUG io.netty.util.internal.logging.InternalLoggerFactory - Using Log4J2 as the default logging framework
17:45:13.715 [main] DEBUG io.netty.util.ResourceLeakDetector - -Dio.netty.leakDetection.level: simple
17:45:13.715 [main] DEBUG io.netty.util.ResourceLeakDetector - -Dio.netty.leakDetection.targetRecords: 4
17:45:13.718 [main] DEBUG io.netty.util.ResourceLeakDetectorFactory - Loaded default ResourceLeakDetector: io.netty.util.ResourceLeakDetector@5a4ed68f
17:45:13.733 [main] DEBUG io.netty.util.internal.PlatformDependent0 - -Dio.netty.noUnsafe: false
17:45:13.733 [main] DEBUG io.netty.util.internal.PlatformDependent0 - Java version: 17
17:45:13.734 [main] DEBUG io.netty.util.internal.PlatformDependent0 - sun.misc.Unsafe.theUnsafe: available
17:45:13.735 [main] DEBUG io.netty.util.internal.PlatformDependent0 - sun.misc.Unsafe.copyMemory: available
17:45:13.735 [main] DEBUG io.netty.util.internal.PlatformDependent0 - sun.misc.Unsafe.storeFence: available
17:45:13.735 [main] DEBUG io.netty.util.internal.PlatformDependent0 - java.nio.Buffer.address: available
17:45:13.736 [main] DEBUG io.netty.util.internal.PlatformDependent0 - direct buffer constructor: unavailable
java.lang.UnsupportedOperationException: Reflective setAccessible(true) disabled
	at io.netty.util.internal.ReflectionUtil.trySetAccessible(ReflectionUtil.java:31) ~[netty-common-4.1.78.Final.jar:4.1.78.Final]
	at io.netty.util.internal.PlatformDependent0$5.run(PlatformDependent0.java:287) ~[netty-common-4.1.78.Final.jar:4.1.78.Final]
	at java.security.AccessController.doPrivileged(AccessController.java:318) ~[?:?]
	at io.netty.util.internal.PlatformDependent0.<clinit>(PlatformDependent0.java:281) [netty-common-4.1.78.Final.jar:4.1.78.Final]
	at io.netty.util.internal.PlatformDependent.isAndroid(PlatformDependent.java:294) [netty-common-4.1.78.Final.jar:4.1.78.Final]
	at io.netty.util.internal.PlatformDependent.<clinit>(PlatformDependent.java:88) [netty-common-4.1.78.Final.jar:4.1.78.Final]
	at io.netty.util.HashedWheelTimer.<init>(HashedWheelTimer.java:114) [netty-common-4.1.78.Final.jar:4.1.78.Final]
	at io.netty.util.HashedWheelTimer.<init>(HashedWheelTimer.java:251) [netty-common-4.1.78.Final.jar:4.1.78.Final]
	at io.netty.util.HashedWheelTimer.<init>(HashedWheelTimer.java:224) [netty-common-4.1.78.Final.jar:4.1.78.Final]
	at io.netty.util.HashedWheelTimer.<init>(HashedWheelTimer.java:203) [netty-common-4.1.78.Final.jar:4.1.78.Final]
	at org.asynchttpclient.DefaultAsyncHttpClient.newNettyTimer(DefaultAsyncHttpClient.java:111) [async-http-client-2.12.3.jar:?]
	at org.asynchttpclient.DefaultAsyncHttpClient.<init>(DefaultAsyncHttpClient.java:90) [async-http-client-2.12.3.jar:?]
	at org.asynchttpclient.Dsl.asyncHttpClient(Dsl.java:32) [async-http-client-2.12.3.jar:?]
	at org.openqa.selenium.remote.http.netty.NettyClient.createHttpClient(NettyClient.java:93) [selenium-remote-driver-4.3.0.jar:?]
	at org.openqa.selenium.remote.http.netty.NettyClient.<clinit>(NettyClient.java:47) [selenium-remote-driver-4.3.0.jar:?]
	at org.openqa.selenium.remote.http.netty.NettyClient$Factory.createClient(NettyClient.java:134) [selenium-remote-driver-4.3.0.jar:?]
	at org.openqa.selenium.remote.HttpCommandExecutor.<init>(HttpCommandExecutor.java:107) [selenium-remote-driver-4.3.0.jar:?]
	at org.openqa.selenium.remote.HttpCommandExecutor.<init>(HttpCommandExecutor.java:94) [selenium-remote-driver-4.3.0.jar:?]
	at org.openqa.selenium.remote.HttpCommandExecutor.<init>(HttpCommandExecutor.java:85) [selenium-remote-driver-4.3.0.jar:?]
	at org.openqa.selenium.remote.service.DriverCommandExecutor.<init>(DriverCommandExecutor.java:80) [selenium-remote-driver-4.3.0.jar:?]
	at org.openqa.selenium.chromium.ChromiumDriverCommandExecutor.<init>(ChromiumDriverCommandExecutor.java:35) [selenium-chromium-driver-4.3.0.jar:?]
	at org.openqa.selenium.chrome.ChromeDriver$ChromeDriverCommandExecutor.<init>(ChromeDriver.java:93) [selenium-chrome-driver-4.3.0.jar:?]
	at org.openqa.selenium.chrome.ChromeDriver.<init>(ChromeDriver.java:81) [selenium-chrome-driver-4.3.0.jar:?]
	at org.openqa.selenium.chrome.ChromeDriver.<init>(ChromeDriver.java:49) [selenium-chrome-driver-4.3.0.jar:?]
	at allseleniumprograms.Alerts.main(Alerts.java:31) [test-classes/:?]
17:45:13.741 [main] DEBUG io.netty.util.internal.PlatformDependent0 - java.nio.Bits.unaligned: available, true
17:45:13.741 [main] DEBUG io.netty.util.internal.PlatformDependent0 - jdk.internal.misc.Unsafe.allocateUninitializedArray(int): unavailable
java.lang.IllegalAccessException: class io.netty.util.internal.PlatformDependent0$7 cannot access class jdk.internal.misc.Unsafe (in module java.base) because module java.base does not export jdk.internal.misc to unnamed module @12d2ce03
	at jdk.internal.reflect.Reflection.newIllegalAccessException(Reflection.java:392) ~[?:?]
	at java.lang.reflect.AccessibleObject.checkAccess(AccessibleObject.java:674) ~[?:?]
	at java.lang.reflect.Method.invoke(Method.java:560) ~[?:?]
	at io.netty.util.internal.PlatformDependent0$7.run(PlatformDependent0.java:409) ~[netty-common-4.1.78.Final.jar:4.1.78.Final]
	at java.security.AccessController.doPrivileged(AccessController.java:318) ~[?:?]
	at io.netty.util.internal.PlatformDependent0.<clinit>(PlatformDependent0.java:400) [netty-common-4.1.78.Final.jar:4.1.78.Final]
	at io.netty.util.internal.PlatformDependent.isAndroid(PlatformDependent.java:294) [netty-common-4.1.78.Final.jar:4.1.78.Final]
	at io.netty.util.internal.PlatformDependent.<clinit>(PlatformDependent.java:88) [netty-common-4.1.78.Final.jar:4.1.78.Final]
	at io.netty.util.HashedWheelTimer.<init>(HashedWheelTimer.java:114) [netty-common-4.1.78.Final.jar:4.1.78.Final]
	at io.netty.util.HashedWheelTimer.<init>(HashedWheelTimer.java:251) [netty-common-4.1.78.Final.jar:4.1.78.Final]
	at io.netty.util.HashedWheelTimer.<init>(HashedWheelTimer.java:224) [netty-common-4.1.78.Final.jar:4.1.78.Final]
	at io.netty.util.HashedWheelTimer.<init>(HashedWheelTimer.java:203) [netty-common-4.1.78.Final.jar:4.1.78.Final]
	at org.asynchttpclient.DefaultAsyncHttpClient.newNettyTimer(DefaultAsyncHttpClient.java:111) [async-http-client-2.12.3.jar:?]
	at org.asynchttpclient.DefaultAsyncHttpClient.<init>(DefaultAsyncHttpClient.java:90) [async-http-client-2.12.3.jar:?]
	at org.asynchttpclient.Dsl.asyncHttpClient(Dsl.java:32) [async-http-client-2.12.3.jar:?]
	at org.openqa.selenium.remote.http.netty.NettyClient.createHttpClient(NettyClient.java:93) [selenium-remote-driver-4.3.0.jar:?]
	at org.openqa.selenium.remote.http.netty.NettyClient.<clinit>(NettyClient.java:47) [selenium-remote-driver-4.3.0.jar:?]
	at org.openqa.selenium.remote.http.netty.NettyClient$Factory.createClient(NettyClient.java:134) [selenium-remote-driver-4.3.0.jar:?]
	at org.openqa.selenium.remote.HttpCommandExecutor.<init>(HttpCommandExecutor.java:107) [selenium-remote-driver-4.3.0.jar:?]
	at org.openqa.selenium.remote.HttpCommandExecutor.<init>(HttpCommandExecutor.java:94) [selenium-remote-driver-4.3.0.jar:?]
	at org.openqa.selenium.remote.HttpCommandExecutor.<init>(HttpCommandExecutor.java:85) [selenium-remote-driver-4.3.0.jar:?]
	at org.openqa.selenium.remote.service.DriverCommandExecutor.<init>(DriverCommandExecutor.java:80) [selenium-remote-driver-4.3.0.jar:?]
	at org.openqa.selenium.chromium.ChromiumDriverCommandExecutor.<init>(ChromiumDriverCommandExecutor.java:35) [selenium-chromium-driver-4.3.0.jar:?]
	at org.openqa.selenium.chrome.ChromeDriver$ChromeDriverCommandExecutor.<init>(ChromeDriver.java:93) [selenium-chrome-driver-4.3.0.jar:?]
	at org.openqa.selenium.chrome.ChromeDriver.<init>(ChromeDriver.java:81) [selenium-chrome-driver-4.3.0.jar:?]
	at org.openqa.selenium.chrome.ChromeDriver.<init>(ChromeDriver.java:49) [selenium-chrome-driver-4.3.0.jar:?]
	at allseleniumprograms.Alerts.main(Alerts.java:31) [test-classes/:?]
17:45:13.743 [main] DEBUG io.netty.util.internal.PlatformDependent0 - java.nio.DirectByteBuffer.<init>(long, int): unavailable
17:45:13.743 [main] DEBUG io.netty.util.internal.PlatformDependent - sun.misc.Unsafe: available
17:45:13.743 [main] DEBUG io.netty.util.internal.PlatformDependent - maxDirectMemory: 4234149888 bytes (maybe)
17:45:13.744 [main] DEBUG io.netty.util.internal.PlatformDependent - -Dio.netty.tmpdir: C:\Users\HP\AppData\Local\Temp (java.io.tmpdir)
17:45:13.744 [main] DEBUG io.netty.util.internal.PlatformDependent - -Dio.netty.bitMode: 64 (sun.arch.data.model)
17:45:13.744 [main] DEBUG io.netty.util.internal.PlatformDependent - Platform: Windows
17:45:13.744 [main] DEBUG io.netty.util.internal.PlatformDependent - -Dio.netty.maxDirectMemory: -1 bytes
17:45:13.744 [main] DEBUG io.netty.util.internal.PlatformDependent - -Dio.netty.uninitializedArrayAllocationThreshold: -1
17:45:13.745 [main] DEBUG io.netty.util.internal.CleanerJava9 - java.nio.ByteBuffer.cleaner(): available
17:45:13.745 [main] DEBUG io.netty.util.internal.PlatformDependent - -Dio.netty.noPreferDirect: false
17:45:13.751 [main] DEBUG io.netty.util.internal.PlatformDependent - org.jctools-core.MpscChunkedArrayQueue: available
17:45:13.763 [main] DEBUG io.netty.util.internal.InternalThreadLocalMap - -Dio.netty.threadLocalMap.stringBuilder.initialSize: 1024
17:45:13.763 [main] DEBUG io.netty.util.internal.InternalThreadLocalMap - -Dio.netty.threadLocalMap.stringBuilder.maxSize: 4096
17:45:13.799 [main] DEBUG io.netty.handler.ssl.JdkSslContext - Default protocols (JDK): [TLSv1.3, TLSv1.2] 
17:45:13.800 [main] DEBUG io.netty.handler.ssl.JdkSslContext - Default cipher suites (JDK): [TLS_ECDHE_ECDSA_WITH_AES_256_GCM_SHA384, TLS_ECDHE_ECDSA_WITH_AES_128_GCM_SHA256, TLS_ECDHE_RSA_WITH_AES_128_GCM_SHA256, TLS_ECDHE_RSA_WITH_AES_256_GCM_SHA384, TLS_ECDHE_RSA_WITH_AES_128_CBC_SHA, TLS_ECDHE_RSA_WITH_AES_256_CBC_SHA, TLS_RSA_WITH_AES_128_GCM_SHA256, TLS_RSA_WITH_AES_128_CBC_SHA, TLS_RSA_WITH_AES_256_CBC_SHA, TLS_AES_128_GCM_SHA256, TLS_AES_256_GCM_SHA384]
17:45:13.819 [main] DEBUG io.netty.channel.MultithreadEventLoopGroup - -Dio.netty.eventLoopThreads: 16
17:45:13.825 [main] DEBUG io.netty.channel.nio.NioEventLoop - -Dio.netty.noKeySetOptimization: false
17:45:13.825 [main] DEBUG io.netty.channel.nio.NioEventLoop - -Dio.netty.selectorAutoRebuildThreshold: 512
17:45:13.832 [main] TRACE io.netty.channel.nio.NioEventLoop - instrumented a special java.util.Set into: sun.nio.ch.WEPollSelectorImpl@f2e4acf
17:45:13.834 [main] TRACE io.netty.channel.nio.NioEventLoop - instrumented a special java.util.Set into: sun.nio.ch.WEPollSelectorImpl@7aad3f7d
17:45:13.834 [main] TRACE io.netty.channel.nio.NioEventLoop - instrumented a special java.util.Set into: sun.nio.ch.WEPollSelectorImpl@6f667ad1
17:45:13.835 [main] TRACE io.netty.channel.nio.NioEventLoop - instrumented a special java.util.Set into: sun.nio.ch.WEPollSelectorImpl@566d0c69
17:45:13.836 [main] TRACE io.netty.channel.nio.NioEventLoop - instrumented a special java.util.Set into: sun.nio.ch.WEPollSelectorImpl@388b401d
17:45:13.837 [main] TRACE io.netty.channel.nio.NioEventLoop - instrumented a special java.util.Set into: sun.nio.ch.WEPollSelectorImpl@2bcec6a6
17:45:13.837 [main] TRACE io.netty.channel.nio.NioEventLoop - instrumented a special java.util.Set into: sun.nio.ch.WEPollSelectorImpl@77a281fc
17:45:13.838 [main] TRACE io.netty.channel.nio.NioEventLoop - instrumented a special java.util.Set into: sun.nio.ch.WEPollSelectorImpl@4912d525
17:45:13.839 [main] TRACE io.netty.channel.nio.NioEventLoop - instrumented a special java.util.Set into: sun.nio.ch.WEPollSelectorImpl@2bfbffb2
17:45:13.840 [main] TRACE io.netty.channel.nio.NioEventLoop - instrumented a special java.util.Set into: sun.nio.ch.WEPollSelectorImpl@765df79d
17:45:13.840 [main] TRACE io.netty.channel.nio.NioEventLoop - instrumented a special java.util.Set into: sun.nio.ch.WEPollSelectorImpl@151335cb
17:45:13.841 [main] TRACE io.netty.channel.nio.NioEventLoop - instrumented a special java.util.Set into: sun.nio.ch.WEPollSelectorImpl@4a7761b1
17:45:13.842 [main] TRACE io.netty.channel.nio.NioEventLoop - instrumented a special java.util.Set into: sun.nio.ch.WEPollSelectorImpl@3e850122
17:45:13.842 [main] TRACE io.netty.channel.nio.NioEventLoop - instrumented a special java.util.Set into: sun.nio.ch.WEPollSelectorImpl@27fde870
17:45:13.843 [main] TRACE io.netty.channel.nio.NioEventLoop - instrumented a special java.util.Set into: sun.nio.ch.WEPollSelectorImpl@2b4c3c29
17:45:13.844 [main] TRACE io.netty.channel.nio.NioEventLoop - instrumented a special java.util.Set into: sun.nio.ch.WEPollSelectorImpl@5ac7aa18
17:45:13.857 [main] DEBUG io.netty.buffer.PooledByteBufAllocator - -Dio.netty.allocator.numHeapArenas: 16
17:45:13.857 [main] DEBUG io.netty.buffer.PooledByteBufAllocator - -Dio.netty.allocator.numDirectArenas: 16
17:45:13.857 [main] DEBUG io.netty.buffer.PooledByteBufAllocator - -Dio.netty.allocator.pageSize: 8192
17:45:13.857 [main] DEBUG io.netty.buffer.PooledByteBufAllocator - -Dio.netty.allocator.maxOrder: 9
17:45:13.857 [main] DEBUG io.netty.buffer.PooledByteBufAllocator - -Dio.netty.allocator.chunkSize: 4194304
17:45:13.857 [main] DEBUG io.netty.buffer.PooledByteBufAllocator - -Dio.netty.allocator.smallCacheSize: 256
17:45:13.857 [main] DEBUG io.netty.buffer.PooledByteBufAllocator - -Dio.netty.allocator.normalCacheSize: 64
17:45:13.857 [main] DEBUG io.netty.buffer.PooledByteBufAllocator - -Dio.netty.allocator.maxCachedBufferCapacity: 32768
17:45:13.857 [main] DEBUG io.netty.buffer.PooledByteBufAllocator - -Dio.netty.allocator.cacheTrimInterval: 8192
17:45:13.857 [main] DEBUG io.netty.buffer.PooledByteBufAllocator - -Dio.netty.allocator.cacheTrimIntervalMillis: 0
17:45:13.858 [main] DEBUG io.netty.buffer.PooledByteBufAllocator - -Dio.netty.allocator.useCacheForAllThreads: false
17:45:13.858 [main] DEBUG io.netty.buffer.PooledByteBufAllocator - -Dio.netty.allocator.maxCachedByteBuffersPerChunk: 1023
17:45:13.864 [main] DEBUG io.netty.buffer.ByteBufUtil - -Dio.netty.allocator.type: pooled
17:45:13.864 [main] DEBUG io.netty.buffer.ByteBufUtil - -Dio.netty.threadLocalDirectBufferSize: 0
17:45:13.864 [main] DEBUG io.netty.buffer.ByteBufUtil - -Dio.netty.maxThreadLocalCharBufferSize: 16384
17:45:14.073 [Forwarding newSession on session null to remote] DEBUG io.netty.channel.DefaultChannelId - -Dio.netty.processId: 30664 (auto-detected)
17:45:14.075 [Forwarding newSession on session null to remote] DEBUG io.netty.util.NetUtil - -Djava.net.preferIPv4Stack: false
17:45:14.075 [Forwarding newSession on session null to remote] DEBUG io.netty.util.NetUtil - -Djava.net.preferIPv6Addresses: false
17:45:14.080 [Forwarding newSession on session null to remote] DEBUG io.netty.util.NetUtilInitializations - Loopback interface: lo (Software Loopback Interface 1, 127.0.0.1)
17:45:14.080 [Forwarding newSession on session null to remote] DEBUG io.netty.util.NetUtil - Failed to get SOMAXCONN from sysctl and file \proc\sys\net\core\somaxconn. Default: 200
17:45:14.088 [Forwarding newSession on session null to remote] DEBUG io.netty.channel.DefaultChannelId - -Dio.netty.machineId: 40:1c:83:ff:fe:83:05:ae (auto-detected)
17:45:14.121 [AsyncHttpClient-1-2] DEBUG io.netty.buffer.AbstractByteBuf - -Dio.netty.buffer.checkAccessible: true
17:45:14.122 [AsyncHttpClient-1-2] DEBUG io.netty.buffer.AbstractByteBuf - -Dio.netty.buffer.checkBounds: true
17:45:14.122 [AsyncHttpClient-1-2] DEBUG io.netty.util.ResourceLeakDetectorFactory - Loaded default ResourceLeakDetector: io.netty.util.ResourceLeakDetector@3c11eda4
17:45:14.141 [AsyncHttpClient-1-2] DEBUG io.netty.util.Recycler - -Dio.netty.recycler.maxCapacityPerThread: 4096
17:45:14.141 [AsyncHttpClient-1-2] DEBUG io.netty.util.Recycler - -Dio.netty.recycler.ratio: 8
17:45:14.141 [AsyncHttpClient-1-2] DEBUG io.netty.util.Recycler - -Dio.netty.recycler.chunkSize: 32
17:45:14.141 [AsyncHttpClient-1-2] DEBUG io.netty.util.Recycler - -Dio.netty.recycler.blocking: false
17:45:14.660 [AsyncHttpClient-1-2] DEBUG io.netty.handler.codec.compression.Brotli - brotli4j not in the classpath; Brotli support will be unavailable.
17:45:14.736 [main] DEBUG io.netty.util.internal.ThreadLocalRandom - -Dio.netty.initialSeedUniquifier: 0x8909c6f7c5a084e4
17:48:07.012 [main] DEBUG io.netty.util.internal.logging.InternalLoggerFactory - Using Log4J2 as the default logging framework
17:48:07.019 [main] DEBUG io.netty.util.ResourceLeakDetector - -Dio.netty.leakDetection.level: simple
17:48:07.019 [main] DEBUG io.netty.util.ResourceLeakDetector - -Dio.netty.leakDetection.targetRecords: 4
17:48:07.021 [main] DEBUG io.netty.util.ResourceLeakDetectorFactory - Loaded default ResourceLeakDetector: io.netty.util.ResourceLeakDetector@16943e88
17:48:07.035 [main] DEBUG io.netty.util.internal.PlatformDependent0 - -Dio.netty.noUnsafe: false
17:48:07.035 [main] DEBUG io.netty.util.internal.PlatformDependent0 - Java version: 17
17:48:07.036 [main] DEBUG io.netty.util.internal.PlatformDependent0 - sun.misc.Unsafe.theUnsafe: available
17:48:07.037 [main] DEBUG io.netty.util.internal.PlatformDependent0 - sun.misc.Unsafe.copyMemory: available
17:48:07.037 [main] DEBUG io.netty.util.internal.PlatformDependent0 - sun.misc.Unsafe.storeFence: available
17:48:07.038 [main] DEBUG io.netty.util.internal.PlatformDependent0 - java.nio.Buffer.address: available
17:48:07.038 [main] DEBUG io.netty.util.internal.PlatformDependent0 - direct buffer constructor: unavailable
java.lang.UnsupportedOperationException: Reflective setAccessible(true) disabled
	at io.netty.util.internal.ReflectionUtil.trySetAccessible(ReflectionUtil.java:31) ~[netty-common-4.1.78.Final.jar:4.1.78.Final]
	at io.netty.util.internal.PlatformDependent0$5.run(PlatformDependent0.java:287) ~[netty-common-4.1.78.Final.jar:4.1.78.Final]
	at java.security.AccessController.doPrivileged(AccessController.java:318) ~[?:?]
	at io.netty.util.internal.PlatformDependent0.<clinit>(PlatformDependent0.java:281) [netty-common-4.1.78.Final.jar:4.1.78.Final]
	at io.netty.util.internal.PlatformDependent.isAndroid(PlatformDependent.java:294) [netty-common-4.1.78.Final.jar:4.1.78.Final]
	at io.netty.util.internal.PlatformDependent.<clinit>(PlatformDependent.java:88) [netty-common-4.1.78.Final.jar:4.1.78.Final]
	at io.netty.util.HashedWheelTimer.<init>(HashedWheelTimer.java:114) [netty-common-4.1.78.Final.jar:4.1.78.Final]
	at io.netty.util.HashedWheelTimer.<init>(HashedWheelTimer.java:251) [netty-common-4.1.78.Final.jar:4.1.78.Final]
	at io.netty.util.HashedWheelTimer.<init>(HashedWheelTimer.java:224) [netty-common-4.1.78.Final.jar:4.1.78.Final]
	at io.netty.util.HashedWheelTimer.<init>(HashedWheelTimer.java:203) [netty-common-4.1.78.Final.jar:4.1.78.Final]
	at org.asynchttpclient.DefaultAsyncHttpClient.newNettyTimer(DefaultAsyncHttpClient.java:111) [async-http-client-2.12.3.jar:?]
	at org.asynchttpclient.DefaultAsyncHttpClient.<init>(DefaultAsyncHttpClient.java:90) [async-http-client-2.12.3.jar:?]
	at org.asynchttpclient.Dsl.asyncHttpClient(Dsl.java:32) [async-http-client-2.12.3.jar:?]
	at org.openqa.selenium.remote.http.netty.NettyClient.createHttpClient(NettyClient.java:93) [selenium-remote-driver-4.3.0.jar:?]
	at org.openqa.selenium.remote.http.netty.NettyClient.<clinit>(NettyClient.java:47) [selenium-remote-driver-4.3.0.jar:?]
	at org.openqa.selenium.remote.http.netty.NettyClient$Factory.createClient(NettyClient.java:134) [selenium-remote-driver-4.3.0.jar:?]
	at org.openqa.selenium.remote.HttpCommandExecutor.<init>(HttpCommandExecutor.java:107) [selenium-remote-driver-4.3.0.jar:?]
	at org.openqa.selenium.remote.HttpCommandExecutor.<init>(HttpCommandExecutor.java:94) [selenium-remote-driver-4.3.0.jar:?]
	at org.openqa.selenium.remote.HttpCommandExecutor.<init>(HttpCommandExecutor.java:85) [selenium-remote-driver-4.3.0.jar:?]
	at org.openqa.selenium.remote.service.DriverCommandExecutor.<init>(DriverCommandExecutor.java:80) [selenium-remote-driver-4.3.0.jar:?]
	at org.openqa.selenium.chromium.ChromiumDriverCommandExecutor.<init>(ChromiumDriverCommandExecutor.java:35) [selenium-chromium-driver-4.3.0.jar:?]
	at org.openqa.selenium.chrome.ChromeDriver$ChromeDriverCommandExecutor.<init>(ChromeDriver.java:93) [selenium-chrome-driver-4.3.0.jar:?]
	at org.openqa.selenium.chrome.ChromeDriver.<init>(ChromeDriver.java:81) [selenium-chrome-driver-4.3.0.jar:?]
	at org.openqa.selenium.chrome.ChromeDriver.<init>(ChromeDriver.java:49) [selenium-chrome-driver-4.3.0.jar:?]
	at allseleniumprograms.Xpath.main(Xpath.java:13) [test-classes/:?]
17:48:07.043 [main] DEBUG io.netty.util.internal.PlatformDependent0 - java.nio.Bits.unaligned: available, true
17:48:07.044 [main] DEBUG io.netty.util.internal.PlatformDependent0 - jdk.internal.misc.Unsafe.allocateUninitializedArray(int): unavailable
java.lang.IllegalAccessException: class io.netty.util.internal.PlatformDependent0$7 cannot access class jdk.internal.misc.Unsafe (in module java.base) because module java.base does not export jdk.internal.misc to unnamed module @46b61c56
	at jdk.internal.reflect.Reflection.newIllegalAccessException(Reflection.java:392) ~[?:?]
	at java.lang.reflect.AccessibleObject.checkAccess(AccessibleObject.java:674) ~[?:?]
	at java.lang.reflect.Method.invoke(Method.java:560) ~[?:?]
	at io.netty.util.internal.PlatformDependent0$7.run(PlatformDependent0.java:409) ~[netty-common-4.1.78.Final.jar:4.1.78.Final]
	at java.security.AccessController.doPrivileged(AccessController.java:318) ~[?:?]
	at io.netty.util.internal.PlatformDependent0.<clinit>(PlatformDependent0.java:400) [netty-common-4.1.78.Final.jar:4.1.78.Final]
	at io.netty.util.internal.PlatformDependent.isAndroid(PlatformDependent.java:294) [netty-common-4.1.78.Final.jar:4.1.78.Final]
	at io.netty.util.internal.PlatformDependent.<clinit>(PlatformDependent.java:88) [netty-common-4.1.78.Final.jar:4.1.78.Final]
	at io.netty.util.HashedWheelTimer.<init>(HashedWheelTimer.java:114) [netty-common-4.1.78.Final.jar:4.1.78.Final]
	at io.netty.util.HashedWheelTimer.<init>(HashedWheelTimer.java:251) [netty-common-4.1.78.Final.jar:4.1.78.Final]
	at io.netty.util.HashedWheelTimer.<init>(HashedWheelTimer.java:224) [netty-common-4.1.78.Final.jar:4.1.78.Final]
	at io.netty.util.HashedWheelTimer.<init>(HashedWheelTimer.java:203) [netty-common-4.1.78.Final.jar:4.1.78.Final]
	at org.asynchttpclient.DefaultAsyncHttpClient.newNettyTimer(DefaultAsyncHttpClient.java:111) [async-http-client-2.12.3.jar:?]
	at org.asynchttpclient.DefaultAsyncHttpClient.<init>(DefaultAsyncHttpClient.java:90) [async-http-client-2.12.3.jar:?]
	at org.asynchttpclient.Dsl.asyncHttpClient(Dsl.java:32) [async-http-client-2.12.3.jar:?]
	at org.openqa.selenium.remote.http.netty.NettyClient.createHttpClient(NettyClient.java:93) [selenium-remote-driver-4.3.0.jar:?]
	at org.openqa.selenium.remote.http.netty.NettyClient.<clinit>(NettyClient.java:47) [selenium-remote-driver-4.3.0.jar:?]
	at org.openqa.selenium.remote.http.netty.NettyClient$Factory.createClient(NettyClient.java:134) [selenium-remote-driver-4.3.0.jar:?]
	at org.openqa.selenium.remote.HttpCommandExecutor.<init>(HttpCommandExecutor.java:107) [selenium-remote-driver-4.3.0.jar:?]
	at org.openqa.selenium.remote.HttpCommandExecutor.<init>(HttpCommandExecutor.java:94) [selenium-remote-driver-4.3.0.jar:?]
	at org.openqa.selenium.remote.HttpCommandExecutor.<init>(HttpCommandExecutor.java:85) [selenium-remote-driver-4.3.0.jar:?]
	at org.openqa.selenium.remote.service.DriverCommandExecutor.<init>(DriverCommandExecutor.java:80) [selenium-remote-driver-4.3.0.jar:?]
	at org.openqa.selenium.chromium.ChromiumDriverCommandExecutor.<init>(ChromiumDriverCommandExecutor.java:35) [selenium-chromium-driver-4.3.0.jar:?]
	at org.openqa.selenium.chrome.ChromeDriver$ChromeDriverCommandExecutor.<init>(ChromeDriver.java:93) [selenium-chrome-driver-4.3.0.jar:?]
	at org.openqa.selenium.chrome.ChromeDriver.<init>(ChromeDriver.java:81) [selenium-chrome-driver-4.3.0.jar:?]
	at org.openqa.selenium.chrome.ChromeDriver.<init>(ChromeDriver.java:49) [selenium-chrome-driver-4.3.0.jar:?]
	at allseleniumprograms.Xpath.main(Xpath.java:13) [test-classes/:?]
17:48:07.046 [main] DEBUG io.netty.util.internal.PlatformDependent0 - java.nio.DirectByteBuffer.<init>(long, int): unavailable
17:48:07.046 [main] DEBUG io.netty.util.internal.PlatformDependent - sun.misc.Unsafe: available
17:48:07.047 [main] DEBUG io.netty.util.internal.PlatformDependent - maxDirectMemory: 4234149888 bytes (maybe)
17:48:07.047 [main] DEBUG io.netty.util.internal.PlatformDependent - -Dio.netty.tmpdir: C:\Users\HP\AppData\Local\Temp (java.io.tmpdir)
17:48:07.047 [main] DEBUG io.netty.util.internal.PlatformDependent - -Dio.netty.bitMode: 64 (sun.arch.data.model)
17:48:07.047 [main] DEBUG io.netty.util.internal.PlatformDependent - Platform: Windows
17:48:07.048 [main] DEBUG io.netty.util.internal.PlatformDependent - -Dio.netty.maxDirectMemory: -1 bytes
17:48:07.048 [main] DEBUG io.netty.util.internal.PlatformDependent - -Dio.netty.uninitializedArrayAllocationThreshold: -1
17:48:07.049 [main] DEBUG io.netty.util.internal.CleanerJava9 - java.nio.ByteBuffer.cleaner(): available
17:48:07.049 [main] DEBUG io.netty.util.internal.PlatformDependent - -Dio.netty.noPreferDirect: false
17:48:07.055 [main] DEBUG io.netty.util.internal.PlatformDependent - org.jctools-core.MpscChunkedArrayQueue: available
17:48:07.068 [main] DEBUG io.netty.util.internal.InternalThreadLocalMap - -Dio.netty.threadLocalMap.stringBuilder.initialSize: 1024
17:48:07.068 [main] DEBUG io.netty.util.internal.InternalThreadLocalMap - -Dio.netty.threadLocalMap.stringBuilder.maxSize: 4096
17:48:07.111 [main] DEBUG io.netty.handler.ssl.JdkSslContext - Default protocols (JDK): [TLSv1.3, TLSv1.2] 
17:48:07.111 [main] DEBUG io.netty.handler.ssl.JdkSslContext - Default cipher suites (JDK): [TLS_ECDHE_ECDSA_WITH_AES_256_GCM_SHA384, TLS_ECDHE_ECDSA_WITH_AES_128_GCM_SHA256, TLS_ECDHE_RSA_WITH_AES_128_GCM_SHA256, TLS_ECDHE_RSA_WITH_AES_256_GCM_SHA384, TLS_ECDHE_RSA_WITH_AES_128_CBC_SHA, TLS_ECDHE_RSA_WITH_AES_256_CBC_SHA, TLS_RSA_WITH_AES_128_GCM_SHA256, TLS_RSA_WITH_AES_128_CBC_SHA, TLS_RSA_WITH_AES_256_CBC_SHA, TLS_AES_128_GCM_SHA256, TLS_AES_256_GCM_SHA384]
17:48:07.132 [main] DEBUG io.netty.channel.MultithreadEventLoopGroup - -Dio.netty.eventLoopThreads: 16
17:48:07.139 [main] DEBUG io.netty.channel.nio.NioEventLoop - -Dio.netty.noKeySetOptimization: false
17:48:07.139 [main] DEBUG io.netty.channel.nio.NioEventLoop - -Dio.netty.selectorAutoRebuildThreshold: 512
17:48:07.147 [main] TRACE io.netty.channel.nio.NioEventLoop - instrumented a special java.util.Set into: sun.nio.ch.WEPollSelectorImpl@682bd3c4
